21:06:59 [INFO]-[ org.springframework.web.servlet.FrameworkServlet.initServletBean(FrameworkServlet.java:454) ] FrameworkServlet 'springmvc': initialization started 
21:06:59 [INFO]-[ org.springframework.context.support.AbstractApplicationContext.prepareRefresh(AbstractApplicationContext.java:510) ] Refreshing WebApplicationContext for namespace 'springmvc-servlet': startup date [Wed Mar 23 21:06:59 CST 2016]; parent: Root WebApplicationContext 
21:06:59 [INFO]-[ org.springframework.beans.factory.xml.XmlBeanDefinitionReader.loadBeanDefinitions(XmlBeanDefinitionReader.java:315) ] Loading XML bean definitions from ServletContext resource [/WEB-INF/springmvc-servlet.xml] 
21:06:59 [INFO]-[ org.springframework.context.annotation.ClassPathScanningCandidateComponentProvider.registerDefaultFilters(ClassPathScanningCandidateComponentProvider.java:231) ] JSR-250 'javax.annotation.ManagedBean' found and supported for component scanning 
21:06:59 [INFO]-[ org.springframework.beans.factory.support.DefaultListableBeanFactory.preInstantiateSingletons(DefaultListableBeanFactory.java:596) ] Pre-instantiating singletons in org.springframework.beans.factory.support.DefaultListableBeanFactory@159314a: defining beans [testController,userController,org.springframework.context.annotation.internalConfigurationAnnotationProcessor,org.springframework.context.annotation.internalAutowiredAnnotationProcessor,org.springframework.context.annotation.internalRequiredAnnotationProcessor,org.springframework.context.annotation.internalCommonAnnotationProcessor,org.springframework.web.servlet.view.InternalResourceViewResolver#0,org.springframework.web.servlet.mvc.annotation.AnnotationMethodHandlerAdapter#0,stringHttpMessageConverter,customObjectMapper,messageConverters,multipartResolver,exceptionResolver,org.springframework.context.annotation.ConfigurationClassPostProcessor.importAwareProcessor]; parent: org.springframework.beans.factory.support.DefaultListableBeanFactory@169b35 
21:07:01 [INFO]-[ org.springframework.web.servlet.handler.AbstractUrlHandlerMapping.registerHandler(AbstractUrlHandlerMapping.java:315) ] Mapped URL path [/test/test22] onto handler 'testController' 
21:07:01 [INFO]-[ org.springframework.web.servlet.handler.AbstractUrlHandlerMapping.registerHandler(AbstractUrlHandlerMapping.java:315) ] Mapped URL path [/test/test22.*] onto handler 'testController' 
21:07:01 [INFO]-[ org.springframework.web.servlet.handler.AbstractUrlHandlerMapping.registerHandler(AbstractUrlHandlerMapping.java:315) ] Mapped URL path [/test/test22/] onto handler 'testController' 
21:07:01 [INFO]-[ org.springframework.web.servlet.handler.AbstractUrlHandlerMapping.registerHandler(AbstractUrlHandlerMapping.java:315) ] Mapped URL path [/test/test19] onto handler 'testController' 
21:07:01 [INFO]-[ org.springframework.web.servlet.handler.AbstractUrlHandlerMapping.registerHandler(AbstractUrlHandlerMapping.java:315) ] Mapped URL path [/test/test19.*] onto handler 'testController' 
21:07:01 [INFO]-[ org.springframework.web.servlet.handler.AbstractUrlHandlerMapping.registerHandler(AbstractUrlHandlerMapping.java:315) ] Mapped URL path [/test/test19/] onto handler 'testController' 
21:07:01 [INFO]-[ org.springframework.web.servlet.handler.AbstractUrlHandlerMapping.registerHandler(AbstractUrlHandlerMapping.java:315) ] Mapped URL path [/test/test24] onto handler 'testController' 
21:07:01 [INFO]-[ org.springframework.web.servlet.handler.AbstractUrlHandlerMapping.registerHandler(AbstractUrlHandlerMapping.java:315) ] Mapped URL path [/test/test24.*] onto handler 'testController' 
21:07:01 [INFO]-[ org.springframework.web.servlet.handler.AbstractUrlHandlerMapping.registerHandler(AbstractUrlHandlerMapping.java:315) ] Mapped URL path [/test/test24/] onto handler 'testController' 
21:07:01 [INFO]-[ org.springframework.web.servlet.handler.AbstractUrlHandlerMapping.registerHandler(AbstractUrlHandlerMapping.java:315) ] Mapped URL path [/test/tt] onto handler 'testController' 
21:07:01 [INFO]-[ org.springframework.web.servlet.handler.AbstractUrlHandlerMapping.registerHandler(AbstractUrlHandlerMapping.java:315) ] Mapped URL path [/test/tt.*] onto handler 'testController' 
21:07:01 [INFO]-[ org.springframework.web.servlet.handler.AbstractUrlHandlerMapping.registerHandler(AbstractUrlHandlerMapping.java:315) ] Mapped URL path [/test/tt/] onto handler 'testController' 
21:07:01 [INFO]-[ org.springframework.web.servlet.handler.AbstractUrlHandlerMapping.registerHandler(AbstractUrlHandlerMapping.java:315) ] Mapped URL path [/test/test3] onto handler 'testController' 
21:07:01 [INFO]-[ org.springframework.web.servlet.handler.AbstractUrlHandlerMapping.registerHandler(AbstractUrlHandlerMapping.java:315) ] Mapped URL path [/test/test3.*] onto handler 'testController' 
21:07:01 [INFO]-[ org.springframework.web.servlet.handler.AbstractUrlHandlerMapping.registerHandler(AbstractUrlHandlerMapping.java:315) ] Mapped URL path [/test/test3/] onto handler 'testController' 
21:07:01 [INFO]-[ org.springframework.web.servlet.handler.AbstractUrlHandlerMapping.registerHandler(AbstractUrlHandlerMapping.java:315) ] Mapped URL path [/test/getData] onto handler 'testController' 
21:07:01 [INFO]-[ org.springframework.web.servlet.handler.AbstractUrlHandlerMapping.registerHandler(AbstractUrlHandlerMapping.java:315) ] Mapped URL path [/test/getData.*] onto handler 'testController' 
21:07:01 [INFO]-[ org.springframework.web.servlet.handler.AbstractUrlHandlerMapping.registerHandler(AbstractUrlHandlerMapping.java:315) ] Mapped URL path [/test/getData/] onto handler 'testController' 
21:07:01 [INFO]-[ org.springframework.web.servlet.handler.AbstractUrlHandlerMapping.registerHandler(AbstractUrlHandlerMapping.java:315) ] Mapped URL path [/test/test4] onto handler 'testController' 
21:07:01 [INFO]-[ org.springframework.web.servlet.handler.AbstractUrlHandlerMapping.registerHandler(AbstractUrlHandlerMapping.java:315) ] Mapped URL path [/test/test4.*] onto handler 'testController' 
21:07:01 [INFO]-[ org.springframework.web.servlet.handler.AbstractUrlHandlerMapping.registerHandler(AbstractUrlHandlerMapping.java:315) ] Mapped URL path [/test/test4/] onto handler 'testController' 
21:07:01 [INFO]-[ org.springframework.web.servlet.handler.AbstractUrlHandlerMapping.registerHandler(AbstractUrlHandlerMapping.java:315) ] Mapped URL path [/test/test12] onto handler 'testController' 
21:07:01 [INFO]-[ org.springframework.web.servlet.handler.AbstractUrlHandlerMapping.registerHandler(AbstractUrlHandlerMapping.java:315) ] Mapped URL path [/test/test12.*] onto handler 'testController' 
21:07:01 [INFO]-[ org.springframework.web.servlet.handler.AbstractUrlHandlerMapping.registerHandler(AbstractUrlHandlerMapping.java:315) ] Mapped URL path [/test/test12/] onto handler 'testController' 
21:07:01 [INFO]-[ org.springframework.web.servlet.handler.AbstractUrlHandlerMapping.registerHandler(AbstractUrlHandlerMapping.java:315) ] Mapped URL path [/test/test8] onto handler 'testController' 
21:07:01 [INFO]-[ org.springframework.web.servlet.handler.AbstractUrlHandlerMapping.registerHandler(AbstractUrlHandlerMapping.java:315) ] Mapped URL path [/test/test8.*] onto handler 'testController' 
21:07:01 [INFO]-[ org.springframework.web.servlet.handler.AbstractUrlHandlerMapping.registerHandler(AbstractUrlHandlerMapping.java:315) ] Mapped URL path [/test/test8/] onto handler 'testController' 
21:07:01 [INFO]-[ org.springframework.web.servlet.handler.AbstractUrlHandlerMapping.registerHandler(AbstractUrlHandlerMapping.java:315) ] Mapped URL path [/test/test25] onto handler 'testController' 
21:07:01 [INFO]-[ org.springframework.web.servlet.handler.AbstractUrlHandlerMapping.registerHandler(AbstractUrlHandlerMapping.java:315) ] Mapped URL path [/test/test25.*] onto handler 'testController' 
21:07:01 [INFO]-[ org.springframework.web.servlet.handler.AbstractUrlHandlerMapping.registerHandler(AbstractUrlHandlerMapping.java:315) ] Mapped URL path [/test/test25/] onto handler 'testController' 
21:07:01 [INFO]-[ org.springframework.web.servlet.handler.AbstractUrlHandlerMapping.registerHandler(AbstractUrlHandlerMapping.java:315) ] Mapped URL path [/test/test18] onto handler 'testController' 
21:07:01 [INFO]-[ org.springframework.web.servlet.handler.AbstractUrlHandlerMapping.registerHandler(AbstractUrlHandlerMapping.java:315) ] Mapped URL path [/test/test18.*] onto handler 'testController' 
21:07:01 [INFO]-[ org.springframework.web.servlet.handler.AbstractUrlHandlerMapping.registerHandler(AbstractUrlHandlerMapping.java:315) ] Mapped URL path [/test/test18/] onto handler 'testController' 
21:07:01 [INFO]-[ org.springframework.web.servlet.handler.AbstractUrlHandlerMapping.registerHandler(AbstractUrlHandlerMapping.java:315) ] Mapped URL path [/test/getPieData] onto handler 'testController' 
21:07:01 [INFO]-[ org.springframework.web.servlet.handler.AbstractUrlHandlerMapping.registerHandler(AbstractUrlHandlerMapping.java:315) ] Mapped URL path [/test/getPieData.*] onto handler 'testController' 
21:07:01 [INFO]-[ org.springframework.web.servlet.handler.AbstractUrlHandlerMapping.registerHandler(AbstractUrlHandlerMapping.java:315) ] Mapped URL path [/test/getPieData/] onto handler 'testController' 
21:07:01 [INFO]-[ org.springframework.web.servlet.handler.AbstractUrlHandlerMapping.registerHandler(AbstractUrlHandlerMapping.java:315) ] Mapped URL path [/test/test13] onto handler 'testController' 
21:07:01 [INFO]-[ org.springframework.web.servlet.handler.AbstractUrlHandlerMapping.registerHandler(AbstractUrlHandlerMapping.java:315) ] Mapped URL path [/test/test13.*] onto handler 'testController' 
21:07:01 [INFO]-[ org.springframework.web.servlet.handler.AbstractUrlHandlerMapping.registerHandler(AbstractUrlHandlerMapping.java:315) ] Mapped URL path [/test/test13/] onto handler 'testController' 
21:07:01 [INFO]-[ org.springframework.web.servlet.handler.AbstractUrlHandlerMapping.registerHandler(AbstractUrlHandlerMapping.java:315) ] Mapped URL path [/test/test6] onto handler 'testController' 
21:07:01 [INFO]-[ org.springframework.web.servlet.handler.AbstractUrlHandlerMapping.registerHandler(AbstractUrlHandlerMapping.java:315) ] Mapped URL path [/test/test6.*] onto handler 'testController' 
21:07:01 [INFO]-[ org.springframework.web.servlet.handler.AbstractUrlHandlerMapping.registerHandler(AbstractUrlHandlerMapping.java:315) ] Mapped URL path [/test/test6/] onto handler 'testController' 
21:07:01 [INFO]-[ org.springframework.web.servlet.handler.AbstractUrlHandlerMapping.registerHandler(AbstractUrlHandlerMapping.java:315) ] Mapped URL path [/test/test7] onto handler 'testController' 
21:07:01 [INFO]-[ org.springframework.web.servlet.handler.AbstractUrlHandlerMapping.registerHandler(AbstractUrlHandlerMapping.java:315) ] Mapped URL path [/test/test7.*] onto handler 'testController' 
21:07:01 [INFO]-[ org.springframework.web.servlet.handler.AbstractUrlHandlerMapping.registerHandler(AbstractUrlHandlerMapping.java:315) ] Mapped URL path [/test/test7/] onto handler 'testController' 
21:07:01 [INFO]-[ org.springframework.web.servlet.handler.AbstractUrlHandlerMapping.registerHandler(AbstractUrlHandlerMapping.java:315) ] Mapped URL path [/test/test9] onto handler 'testController' 
21:07:01 [INFO]-[ org.springframework.web.servlet.handler.AbstractUrlHandlerMapping.registerHandler(AbstractUrlHandlerMapping.java:315) ] Mapped URL path [/test/test9.*] onto handler 'testController' 
21:07:01 [INFO]-[ org.springframework.web.servlet.handler.AbstractUrlHandlerMapping.registerHandler(AbstractUrlHandlerMapping.java:315) ] Mapped URL path [/test/test9/] onto handler 'testController' 
21:07:01 [INFO]-[ org.springframework.web.servlet.handler.AbstractUrlHandlerMapping.registerHandler(AbstractUrlHandlerMapping.java:315) ] Mapped URL path [/test/test11] onto handler 'testController' 
21:07:01 [INFO]-[ org.springframework.web.servlet.handler.AbstractUrlHandlerMapping.registerHandler(AbstractUrlHandlerMapping.java:315) ] Mapped URL path [/test/test11.*] onto handler 'testController' 
21:07:01 [INFO]-[ org.springframework.web.servlet.handler.AbstractUrlHandlerMapping.registerHandler(AbstractUrlHandlerMapping.java:315) ] Mapped URL path [/test/test11/] onto handler 'testController' 
21:07:01 [INFO]-[ org.springframework.web.servlet.handler.AbstractUrlHandlerMapping.registerHandler(AbstractUrlHandlerMapping.java:315) ] Mapped URL path [/test/test5] onto handler 'testController' 
21:07:01 [INFO]-[ org.springframework.web.servlet.handler.AbstractUrlHandlerMapping.registerHandler(AbstractUrlHandlerMapping.java:315) ] Mapped URL path [/test/test5.*] onto handler 'testController' 
21:07:01 [INFO]-[ org.springframework.web.servlet.handler.AbstractUrlHandlerMapping.registerHandler(AbstractUrlHandlerMapping.java:315) ] Mapped URL path [/test/test5/] onto handler 'testController' 
21:07:01 [INFO]-[ org.springframework.web.servlet.handler.AbstractUrlHandlerMapping.registerHandler(AbstractUrlHandlerMapping.java:315) ] Mapped URL path [/test/test10] onto handler 'testController' 
21:07:01 [INFO]-[ org.springframework.web.servlet.handler.AbstractUrlHandlerMapping.registerHandler(AbstractUrlHandlerMapping.java:315) ] Mapped URL path [/test/test10.*] onto handler 'testController' 
21:07:01 [INFO]-[ org.springframework.web.servlet.handler.AbstractUrlHandlerMapping.registerHandler(AbstractUrlHandlerMapping.java:315) ] Mapped URL path [/test/test10/] onto handler 'testController' 
21:07:01 [INFO]-[ org.springframework.web.servlet.handler.AbstractUrlHandlerMapping.registerHandler(AbstractUrlHandlerMapping.java:315) ] Mapped URL path [/test/test21] onto handler 'testController' 
21:07:01 [INFO]-[ org.springframework.web.servlet.handler.AbstractUrlHandlerMapping.registerHandler(AbstractUrlHandlerMapping.java:315) ] Mapped URL path [/test/test21.*] onto handler 'testController' 
21:07:01 [INFO]-[ org.springframework.web.servlet.handler.AbstractUrlHandlerMapping.registerHandler(AbstractUrlHandlerMapping.java:315) ] Mapped URL path [/test/test21/] onto handler 'testController' 
21:07:01 [INFO]-[ org.springframework.web.servlet.handler.AbstractUrlHandlerMapping.registerHandler(AbstractUrlHandlerMapping.java:315) ] Mapped URL path [/test/test20] onto handler 'testController' 
21:07:01 [INFO]-[ org.springframework.web.servlet.handler.AbstractUrlHandlerMapping.registerHandler(AbstractUrlHandlerMapping.java:315) ] Mapped URL path [/test/test20.*] onto handler 'testController' 
21:07:01 [INFO]-[ org.springframework.web.servlet.handler.AbstractUrlHandlerMapping.registerHandler(AbstractUrlHandlerMapping.java:315) ] Mapped URL path [/test/test20/] onto handler 'testController' 
21:07:01 [INFO]-[ org.springframework.web.servlet.handler.AbstractUrlHandlerMapping.registerHandler(AbstractUrlHandlerMapping.java:315) ] Mapped URL path [/user/goStudentList] onto handler 'userController' 
21:07:01 [INFO]-[ org.springframework.web.servlet.handler.AbstractUrlHandlerMapping.registerHandler(AbstractUrlHandlerMapping.java:315) ] Mapped URL path [/user/goStudentList.*] onto handler 'userController' 
21:07:01 [INFO]-[ org.springframework.web.servlet.handler.AbstractUrlHandlerMapping.registerHandler(AbstractUrlHandlerMapping.java:315) ] Mapped URL path [/user/goStudentList/] onto handler 'userController' 
21:07:01 [INFO]-[ org.springframework.web.servlet.handler.AbstractUrlHandlerMapping.registerHandler(AbstractUrlHandlerMapping.java:315) ] Mapped URL path [/user/addStudent] onto handler 'userController' 
21:07:01 [INFO]-[ org.springframework.web.servlet.handler.AbstractUrlHandlerMapping.registerHandler(AbstractUrlHandlerMapping.java:315) ] Mapped URL path [/user/addStudent.*] onto handler 'userController' 
21:07:01 [INFO]-[ org.springframework.web.servlet.handler.AbstractUrlHandlerMapping.registerHandler(AbstractUrlHandlerMapping.java:315) ] Mapped URL path [/user/addStudent/] onto handler 'userController' 
21:07:01 [INFO]-[ org.springframework.web.servlet.handler.AbstractUrlHandlerMapping.registerHandler(AbstractUrlHandlerMapping.java:315) ] Mapped URL path [/user/goHomePage] onto handler 'userController' 
21:07:01 [INFO]-[ org.springframework.web.servlet.handler.AbstractUrlHandlerMapping.registerHandler(AbstractUrlHandlerMapping.java:315) ] Mapped URL path [/user/goHomePage.*] onto handler 'userController' 
21:07:01 [INFO]-[ org.springframework.web.servlet.handler.AbstractUrlHandlerMapping.registerHandler(AbstractUrlHandlerMapping.java:315) ] Mapped URL path [/user/goHomePage/] onto handler 'userController' 
21:07:01 [INFO]-[ org.springframework.web.servlet.FrameworkServlet.initServletBean(FrameworkServlet.java:473) ] FrameworkServlet 'springmvc': initialization completed in 1389 ms 
21:07:01 [INFO]-[ org.springframework.web.servlet.FrameworkServlet.initServletBean(FrameworkServlet.java:454) ] FrameworkServlet 'hessianServlet': initialization started 
21:07:01 [INFO]-[ org.springframework.context.support.AbstractApplicationContext.prepareRefresh(AbstractApplicationContext.java:510) ] Refreshing WebApplicationContext for namespace 'hessianServlet-servlet': startup date [Wed Mar 23 21:07:01 CST 2016]; parent: Root WebApplicationContext 
21:07:01 [INFO]-[ org.springframework.beans.factory.xml.XmlBeanDefinitionReader.loadBeanDefinitions(XmlBeanDefinitionReader.java:315) ] Loading XML bean definitions from ServletContext resource [/WEB-INF/hessianServlet-servlet.xml] 
21:07:01 [INFO]-[ org.springframework.context.annotation.ClassPathScanningCandidateComponentProvider.registerDefaultFilters(ClassPathScanningCandidateComponentProvider.java:231) ] JSR-250 'javax.annotation.ManagedBean' found and supported for component scanning 
21:07:01 [INFO]-[ org.springframework.beans.factory.support.DefaultListableBeanFactory.preInstantiateSingletons(DefaultListableBeanFactory.java:596) ] Pre-instantiating singletons in org.springframework.beans.factory.support.DefaultListableBeanFactory@16f0e3a: defining beans [exampleService,helloService,org.springframework.context.annotation.internalConfigurationAnnotationProcessor,org.springframework.context.annotation.internalAutowiredAnnotationProcessor,org.springframework.context.annotation.internalRequiredAnnotationProcessor,org.springframework.context.annotation.internalCommonAnnotationProcessor,/helloservice,/exampleservice,org.springframework.context.annotation.ConfigurationClassPostProcessor.importAwareProcessor]; parent: org.springframework.beans.factory.support.DefaultListableBeanFactory@169b35 
21:07:01 [INFO]-[ org.springframework.web.servlet.handler.AbstractUrlHandlerMapping.registerHandler(AbstractUrlHandlerMapping.java:315) ] Mapped URL path [/helloservice] onto handler '/helloservice' 
21:07:01 [INFO]-[ org.springframework.web.servlet.handler.AbstractUrlHandlerMapping.registerHandler(AbstractUrlHandlerMapping.java:315) ] Mapped URL path [/exampleservice] onto handler '/exampleservice' 
21:07:01 [INFO]-[ org.springframework.web.servlet.FrameworkServlet.initServletBean(FrameworkServlet.java:473) ] FrameworkServlet 'hessianServlet': initialization completed in 479 ms 
